./dev/stdin:63928:11-24 16:10:48.935  1876  2248 V BackupManagerService: [UserID:0] restoreAtInstall pkg=com.android.todolist token=d1 restoreSet=0
./dev/stdin:63930:11-24 16:10:48.936  1876  2248 I InstallationStatistic: com.android.todolist|null|4788|99|20|3557|910|0
./dev/stdin:63932:11-24 16:10:48.976  1876  3860 I MiuiCompatModePackages: package com.android.todolist updated, removing config
./dev/stdin:63937:11-24 16:10:48.999  1876  2199 W BroadcastQueue: Background execution not allowed: receiving Intent { act=android.intent.action.PACKAGE_ADDED dat=package:com.android.todolist flg=0x4000010 (has extras) } to com.lbe.security.miui/com.lbe.security.service.BootReceiver
./dev/stdin:63938:11-24 16:10:49.000  1876  2199 W BroadcastQueue: Background execution not allowed: receiving Intent { act=android.intent.action.PACKAGE_ADDED dat=package:com.android.todolist flg=0x4000010 (has extras) } to com.google.android.packageinstaller/com.android.packageinstaller.PackageInstalledReceiver
./dev/stdin:63939:11-24 16:10:49.000  1876  2199 W BroadcastQueue: Background execution not allowed: receiving Intent { act=android.intent.action.PACKAGE_ADDED dat=package:com.android.todolist flg=0x4000010 (has extras) } to com.android.settings/.search.provider.UpdateReceiver
./dev/stdin:63940:11-24 16:10:49.000  1876  2199 W BroadcastQueue: Background execution not allowed: receiving Intent { act=android.intent.action.PACKAGE_ADDED dat=package:com.android.todolist flg=0x4000010 (has extras) } to com.android.vending/com.google.android.finsky.packagemanager.impl.PackageMonitorReceiverImpl$RegisteredReceiver
./dev/stdin:63941:11-24 16:10:49.000  1876  2199 W BroadcastQueue: Background execution not allowed: receiving Intent { act=android.intent.action.PACKAGE_ADDED dat=package:com.android.todolist flg=0x4000010 (has extras) } to com.google.android.gms/.games.chimera.GamesSystemBroadcastReceiverProxy
./dev/stdin:63942:11-24 16:10:49.000  1876  2199 W BroadcastQueue: Background execution not allowed: receiving Intent { act=android.intent.action.PACKAGE_ADDED dat=package:com.android.todolist flg=0x4000010 (has extras) } to com.google.android.gms/.gass.chimera.PackageChangeBroadcastReceiver
./dev/stdin:63943:11-24 16:10:49.001  1876  2199 W BroadcastQueue: Background execution not allowed: receiving Intent { act=android.intent.action.PACKAGE_ADDED dat=package:com.android.todolist flg=0x4000010 (has extras) } to com.google.android.gms/.chimera.GmsIntentOperationService$PersistentTrustedReceiver
./dev/stdin:63944:11-24 16:10:49.010  1876  2199 W BroadcastQueue: Background execution not allowed: receiving Intent { act=android.intent.action.PACKAGE_ADDED dat=package:com.android.todolist flg=0x4000010 (has extras) } to com.google.android.googlequicksearchbox/com.google.android.apps.gsa.googlequicksearchbox.GelStubAppWatcher
./dev/stdin:63945:11-24 16:10:49.010  1876  2199 W BroadcastQueue: Background execution not allowed: receiving Intent { act=android.intent.action.PACKAGE_ADDED dat=package:com.android.todolist flg=0x4000010 (has extras) } to com.miui.global.packageinstaller/.AppInstalledReceiver
./dev/stdin:63946:11-24 16:10:49.018  1876  2199 W BroadcastQueue: Background execution not allowed: receiving Intent { act=android.intent.action.PACKAGE_ADDED dat=package:com.android.todolist flg=0x4000010 (has extras) } to com.xiaomi.discover/com.xiaomi.market.data.MyPackageMonitor
./dev/stdin:63947:11-24 16:10:49.026  1876  2199 W BroadcastQueue: Background execution not allowed: receiving Intent { act=android.intent.action.PACKAGE_ADDED dat=package:com.android.todolist flg=0x4000010 (has extras) } to com.xiaomi.misettings/.usagestats.AppTimerReceiver
./dev/stdin:63948:11-24 16:10:49.026  1876  2199 W BroadcastQueue: Background execution not allowed: receiving Intent { act=android.intent.action.PACKAGE_ADDED dat=package:com.android.todolist flg=0x4000010 (has extras) } to com.facebook.katana/com.facebook.feed.platformads.AppInstallReceiver
./dev/stdin:63949:11-24 16:10:49.027  1876  2199 W BroadcastQueueInjector: Unable to launch app com.microsoft.office.excel/10266 for broadcast Intent { act=android.intent.action.PACKAGE_ADDED dat=package:com.android.todolist flg=0x4000010 (has extras) }: process is not permitted to  auto start
./dev/stdin:63950:11-24 16:10:49.028  1876  2199 W BroadcastQueueInjector: Unable to launch app com.microsoft.office.excel/10266 for broadcast Intent { act=android.intent.action.PACKAGE_ADDED dat=package:com.android.todolist flg=0x4000010 (has extras) }: process is not permitted to  auto start
./dev/stdin:63954:11-24 16:10:49.062  1876  2199 W BroadcastQueueInjector: Unable to launch app com.microsoft.office.powerpoint/10266 for broadcast Intent { act=android.intent.action.PACKAGE_ADDED dat=package:com.android.todolist flg=0x4000010 (has extras) }: process is not permitted to  auto start
./dev/stdin:63955:11-24 16:10:49.063  1876  2199 W BroadcastQueueInjector: Unable to launch app com.microsoft.office.powerpoint/10266 for broadcast Intent { act=android.intent.action.PACKAGE_ADDED dat=package:com.android.todolist flg=0x4000010 (has extras) }: process is not permitted to  auto start
./dev/stdin:63956:11-24 16:10:49.064  1876  2199 W BroadcastQueueInjector: Unable to launch app com.microsoft.office.word/10266 for broadcast Intent { act=android.intent.action.PACKAGE_ADDED dat=package:com.android.todolist flg=0x4000010 (has extras) }: process is not permitted to  auto start
./dev/stdin:63962:11-24 16:10:49.072  1876  2199 W BroadcastQueueInjector: Unable to launch app com.microsoft.office.word/10266 for broadcast Intent { act=android.intent.action.PACKAGE_ADDED dat=package:com.android.todolist flg=0x4000010 (has extras) }: process is not permitted to  auto start
./dev/stdin:63963:11-24 16:10:49.074  1876  2199 W BroadcastQueue: Background execution not allowed: receiving Intent { act=android.intent.action.PACKAGE_ADDED dat=package:com.android.todolist flg=0x4000010 (has extras) } to com.zhiliaoapp.musically/com.ss.android.common.applog.HotsoonReceiver
./dev/stdin:64032:11-24 16:10:50.265  1876  2199 W XSpaceManagerService: update XSpace App: packageName:com.android.todolist, user:UserHandle{0}, action:android.intent.action.PACKAGE_ADDED
./dev/stdin:64628:11-24 16:34:48.848  1876  2199 I ActivityManager: Force stopping com.android.todolist appid=10359 user=-1: deletePackageX
./dev/stdin:64629:11-24 16:34:49.305  1876  2248 I ActivityManager: Force stopping com.android.todolist appid=10359 user=0: pkg removed
./dev/stdin:64636:11-24 16:34:49.791  1876  2199 W BroadcastQueue: Background execution not allowed: receiving Intent { act=android.intent.action.PACKAGE_REMOVED dat=package:com.android.todolist flg=0x4000010 (has extras) } to com.lbe.security.miui/com.lbe.security.service.BootReceiver
./dev/stdin:64637:11-24 16:34:49.791  1876  2785 I RollbackManager: broadcast=ACTION_PACKAGE_FULLY_REMOVED pkg=com.android.todolist
./dev/stdin:64640:11-24 16:34:49.795  1876  2825 V StorageManagerService: Package com.android.todolist does not have legacy storage
./dev/stdin:64648:11-24 16:34:49.825  1876  2199 W BroadcastQueue: Background execution not allowed: receiving Intent { act=android.intent.action.PACKAGE_REMOVED dat=package:com.android.todolist flg=0x4000010 (has extras) } to com.android.settings/.search.provider.UpdateReceiver
./dev/stdin:64660:11-24 16:34:49.934  1876  2199 W BroadcastQueue: Background execution not allowed: receiving Intent { act=android.intent.action.PACKAGE_REMOVED dat=package:com.android.todolist flg=0x4000010 (has extras) } to com.android.vending/com.google.android.finsky.packagemanager.impl.PackageMonitorReceiverImpl$RegisteredReceiver
./dev/stdin:64661:11-24 16:34:49.951  1876  2199 W BroadcastQueue: Background execution not allowed: receiving Intent { act=android.intent.action.PACKAGE_REMOVED dat=package:com.android.todolist flg=0x4000010 (has extras) } to com.android.vending/com.google.android.finsky.instantapps.appmanagement.InstantAppRemoveMonitor
./dev/stdin:64662:11-24 16:34:49.951  1876  2199 W BroadcastQueue: Background execution not allowed: receiving Intent { act=android.intent.action.PACKAGE_REMOVED dat=package:com.android.todolist flg=0x4000010 (has extras) } to com.facebook.services/com.facebook.oxygen.services.fbns.RegisteredMqttSystemBroadcastReceiver
./dev/stdin:64663:11-24 16:34:49.955  1876  2199 W BroadcastQueue: Background execution not allowed: receiving Intent { act=android.intent.action.PACKAGE_REMOVED dat=package:com.android.todolist flg=0x4000010 (has extras) } to com.google.android.apps.maps/com.google.android.libraries.social.peoplekit.thirdparty.viewcontrollers.ThirdPartyReceiver
./dev/stdin:64669:11-24 16:34:50.010  1876  2199 W BroadcastQueue: Background execution not allowed: receiving Intent { act=android.intent.action.PACKAGE_REMOVED dat=package:com.android.todolist flg=0x4000010 (has extras) } to com.google.android.gms/.games.chimera.GamesSystemBroadcastReceiverProxy
./dev/stdin:64670:11-24 16:34:50.010  1876  2199 W BroadcastQueue: Background execution not allowed: receiving Intent { act=android.intent.action.PACKAGE_REMOVED dat=package:com.android.todolist flg=0x4000010 (has extras) } to com.google.android.gms/.chimera.GmsIntentOperationService$PersistentTrustedReceiver
./dev/stdin:64682:11-24 16:34:50.117  1876  2199 W BroadcastQueue: Background execution not allowed: receiving Intent { act=android.intent.action.PACKAGE_REMOVED dat=package:com.android.todolist flg=0x4000010 (has extras) } to com.google.android.googlequicksearchbox/com.google.android.apps.gsa.googlequicksearchbox.GelStubAppWatcher
./dev/stdin:64683:11-24 16:34:50.118  1876  2199 W BroadcastQueue: Background execution not allowed: receiving Intent { act=android.intent.action.PACKAGE_REMOVED dat=package:com.android.todolist flg=0x4000010 (has extras) } to com.miui.audioeffect/com.android.musicfx.Compatibility$Receiver
./dev/stdin:64684:11-24 16:34:50.118  1876  2199 W BroadcastQueue: Background execution not allowed: receiving Intent { act=android.intent.action.PACKAGE_REMOVED dat=package:com.android.todolist flg=0x4000010 (has extras) } to com.xiaomi.discover/com.xiaomi.market.data.MyPackageMonitor
./dev/stdin:64685:11-24 16:34:50.118  1876  2199 W BroadcastQueue: Background execution not allowed: receiving Intent { act=android.intent.action.PACKAGE_REMOVED dat=package:com.android.todolist flg=0x4000010 (has extras) } to com.xiaomi.misettings/.usagestats.AppTimerReceiver
./dev/stdin:64686:11-24 16:34:50.118  1876  2199 W BroadcastQueue: Background execution not allowed: receiving Intent { act=android.intent.action.PACKAGE_REMOVED dat=package:com.android.todolist flg=0x4000010 (has extras) } to com.xiaomi.xmsf/com.xiaomi.push.service.receivers.PkgUninstallReceiver
./dev/stdin:64687:11-24 16:34:50.118  1876  2199 W BroadcastQueue: Background execution not allowed: receiving Intent { act=android.intent.action.PACKAGE_REMOVED dat=package:com.android.todolist flg=0x4000010 (has extras) } to com.facebook.katana/com.facebook.feed.platformads.AppInstallReceiver
./dev/stdin:64688:11-24 16:34:50.119  1876  2199 W BroadcastQueue: Background execution not allowed: receiving Intent { act=android.intent.action.PACKAGE_REMOVED dat=package:com.android.todolist flg=0x4000010 (has extras) } to com.google.android.apps.photos/com.google.android.libraries.social.peoplekit.thirdparty.viewcontrollers.ThirdPartyReceiver
./dev/stdin:64689:11-24 16:34:50.120  1876  2199 W BroadcastQueueInjector: Unable to launch app com.microsoft.office.excel/10266 for broadcast Intent { act=android.intent.action.PACKAGE_REMOVED dat=package:com.android.todolist flg=0x4000010 (has extras) }: process is not permitted to  auto start
./dev/stdin:64700:11-24 16:34:50.146  1876  2199 W BroadcastQueueInjector: Unable to launch app com.microsoft.office.excel/10266 for broadcast Intent { act=android.intent.action.PACKAGE_REMOVED dat=package:com.android.todolist flg=0x4000010 (has extras) }: process is not permitted to  auto start
./dev/stdin:64702:11-24 16:34:50.151  1876  2199 W BroadcastQueueInjector: Unable to launch app com.microsoft.office.powerpoint/10266 for broadcast Intent { act=android.intent.action.PACKAGE_REMOVED dat=package:com.android.todolist flg=0x4000010 (has extras) }: process is not permitted to  auto start
./dev/stdin:64703:11-24 16:34:50.153  1876  2199 W BroadcastQueueInjector: Unable to launch app com.microsoft.office.powerpoint/10266 for broadcast Intent { act=android.intent.action.PACKAGE_REMOVED dat=package:com.android.todolist flg=0x4000010 (has extras) }: process is not permitted to  auto start
./dev/stdin:64704:11-24 16:34:50.155  1876  2199 W BroadcastQueueInjector: Unable to launch app com.microsoft.office.word/10266 for broadcast Intent { act=android.intent.action.PACKAGE_REMOVED dat=package:com.android.todolist flg=0x4000010 (has extras) }: process is not permitted to  auto start
./dev/stdin:64705:11-24 16:34:50.156  1876  2199 W BroadcastQueueInjector: Unable to launch app com.microsoft.office.word/10266 for broadcast Intent { act=android.intent.action.PACKAGE_REMOVED dat=package:com.android.todolist flg=0x4000010 (has extras) }: process is not permitted to  auto start
./dev/stdin:64706:11-24 16:34:50.156  1876  2199 W BroadcastQueue: Background execution not allowed: receiving Intent { act=android.intent.action.PACKAGE_REMOVED dat=package:com.android.todolist flg=0x4000010 (has extras) } to com.vkontakte.android/ru.mail.libverify.utils.PackageStateReceiver
./dev/stdin:64707:11-24 16:34:50.156  1876  2199 W BroadcastQueue: Background execution not allowed: receiving Intent { act=android.intent.action.PACKAGE_REMOVED dat=package:com.android.todolist flg=0x4000010 (has extras) } to ru.ok.android/ru.mail.libverify.utils.PackageStateReceiver
./dev/stdin:64725:11-24 16:34:50.344  1876  2199 W XSpaceManagerService: update XSpace App: packageName:com.android.todolist, user:UserHandle{0}, action:android.intent.action.PACKAGE_REMOVED
./dev/stdin:64726:11-24 16:34:50.347  1876  1876 I ConditionProviders: Disallowing condition provider com.android.todolist
./dev/stdin:66093:11-24 16:55:23.330  1876  2248 V BackupManagerService: [UserID:0] restoreAtInstall pkg=com.android.todolist token=d2 restoreSet=0
./dev/stdin:66095:11-24 16:55:23.331  1876  2248 I InstallationStatistic: com.android.todolist|null|3953|98|21|2016|1556|0
./dev/stdin:66098:11-24 16:55:23.359  1876  3860 I MiuiCompatModePackages: package com.android.todolist updated, removing config
./dev/stdin:66102:11-24 16:55:23.369  1876  2199 W BroadcastQueue: Background execution not allowed: receiving Intent { act=android.intent.action.PACKAGE_ADDED dat=package:com.android.todolist flg=0x4000010 (has extras) } to com.lbe.security.miui/com.lbe.security.service.BootReceiver
./dev/stdin:66103:11-24 16:55:23.370  1876  2199 W BroadcastQueue: Background execution not allowed: receiving Intent { act=android.intent.action.PACKAGE_ADDED dat=package:com.android.todolist flg=0x4000010 (has extras) } to com.google.android.packageinstaller/com.android.packageinstaller.PackageInstalledReceiver
./dev/stdin:66109:11-24 16:55:23.411  1876  2199 W BroadcastQueue: Background execution not allowed: receiving Intent { act=android.intent.action.PACKAGE_ADDED dat=package:com.android.todolist flg=0x4000010 (has extras) } to com.android.settings/.search.provider.UpdateReceiver
./dev/stdin:66110:11-24 16:55:23.412  1876  2199 W BroadcastQueue: Background execution not allowed: receiving Intent { act=android.intent.action.PACKAGE_ADDED dat=package:com.android.todolist flg=0x4000010 (has extras) } to com.android.vending/com.google.android.finsky.packagemanager.impl.PackageMonitorReceiverImpl$RegisteredReceiver
./dev/stdin:66111:11-24 16:55:23.412  1876  2199 W BroadcastQueue: Background execution not allowed: receiving Intent { act=android.intent.action.PACKAGE_ADDED dat=package:com.android.todolist flg=0x4000010 (has extras) } to com.google.android.gms/.games.chimera.GamesSystemBroadcastReceiverProxy
./dev/stdin:66112:11-24 16:55:23.412  1876  2199 W BroadcastQueue: Background execution not allowed: receiving Intent { act=android.intent.action.PACKAGE_ADDED dat=package:com.android.todolist flg=0x4000010 (has extras) } to com.google.android.gms/.gass.chimera.PackageChangeBroadcastReceiver
./dev/stdin:66113:11-24 16:55:23.412  1876  2199 W BroadcastQueue: Background execution not allowed: receiving Intent { act=android.intent.action.PACKAGE_ADDED dat=package:com.android.todolist flg=0x4000010 (has extras) } to com.google.android.gms/.chimera.GmsIntentOperationService$PersistentTrustedReceiver
./dev/stdin:66114:11-24 16:55:23.412  1876  2199 W BroadcastQueue: Background execution not allowed: receiving Intent { act=android.intent.action.PACKAGE_ADDED dat=package:com.android.todolist flg=0x4000010 (has extras) } to com.google.android.googlequicksearchbox/com.google.android.apps.gsa.googlequicksearchbox.GelStubAppWatcher
./dev/stdin:66115:11-24 16:55:23.436  1876  2199 W BroadcastQueue: Background execution not allowed: receiving Intent { act=android.intent.action.PACKAGE_ADDED dat=package:com.android.todolist flg=0x4000010 (has extras) } to com.miui.global.packageinstaller/.AppInstalledReceiver
./dev/stdin:66116:11-24 16:55:23.436  1876  2199 W BroadcastQueue: Background execution not allowed: receiving Intent { act=android.intent.action.PACKAGE_ADDED dat=package:com.android.todolist flg=0x4000010 (has extras) } to com.xiaomi.discover/com.xiaomi.market.data.MyPackageMonitor
./dev/stdin:66117:11-24 16:55:23.437  1876  2199 W BroadcastQueue: Background execution not allowed: receiving Intent { act=android.intent.action.PACKAGE_ADDED dat=package:com.android.todolist flg=0x4000010 (has extras) } to com.xiaomi.misettings/.usagestats.AppTimerReceiver
./dev/stdin:66118:11-24 16:55:23.438  1876  2199 W BroadcastQueue: Background execution not allowed: receiving Intent { act=android.intent.action.PACKAGE_ADDED dat=package:com.android.todolist flg=0x4000010 (has extras) } to com.facebook.katana/com.facebook.feed.platformads.AppInstallReceiver
./dev/stdin:66121:11-24 16:55:23.448  1876  2199 W BroadcastQueueInjector: Unable to launch app com.microsoft.office.excel/10266 for broadcast Intent { act=android.intent.action.PACKAGE_ADDED dat=package:com.android.todolist flg=0x4000010 (has extras) }: process is not permitted to  auto start
./dev/stdin:66123:11-24 16:55:23.452  1876  2199 W BroadcastQueueInjector: Unable to launch app com.microsoft.office.excel/10266 for broadcast Intent { act=android.intent.action.PACKAGE_ADDED dat=package:com.android.todolist flg=0x4000010 (has extras) }: process is not permitted to  auto start
./dev/stdin:66124:11-24 16:55:23.455  1876  2199 W BroadcastQueueInjector: Unable to launch app com.microsoft.office.powerpoint/10266 for broadcast Intent { act=android.intent.action.PACKAGE_ADDED dat=package:com.android.todolist flg=0x4000010 (has extras) }: process is not permitted to  auto start
./dev/stdin:66126:11-24 16:55:23.472  1876  2199 W BroadcastQueueInjector: Unable to launch app com.microsoft.office.powerpoint/10266 for broadcast Intent { act=android.intent.action.PACKAGE_ADDED dat=package:com.android.todolist flg=0x4000010 (has extras) }: process is not permitted to  auto start
./dev/stdin:66127:11-24 16:55:23.476  1876  2199 W BroadcastQueueInjector: Unable to launch app com.microsoft.office.word/10266 for broadcast Intent { act=android.intent.action.PACKAGE_ADDED dat=package:com.android.todolist flg=0x4000010 (has extras) }: process is not permitted to  auto start
./dev/stdin:66128:11-24 16:55:23.479  1876  2199 W BroadcastQueueInjector: Unable to launch app com.microsoft.office.word/10266 for broadcast Intent { act=android.intent.action.PACKAGE_ADDED dat=package:com.android.todolist flg=0x4000010 (has extras) }: process is not permitted to  auto start
./dev/stdin:66129:11-24 16:55:23.488  1876  2199 W BroadcastQueue: Background execution not allowed: receiving Intent { act=android.intent.action.PACKAGE_ADDED dat=package:com.android.todolist flg=0x4000010 (has extras) } to com.zhiliaoapp.musically/com.ss.android.common.applog.HotsoonReceiver
./dev/stdin:66190:11-24 16:55:23.998  1876  2199 W XSpaceManagerService: update XSpace App: packageName:com.android.todolist, user:UserHandle{0}, action:android.intent.action.PACKAGE_ADDED
./dev/stdin:66247:11-24 16:57:21.359  1876  8403 I ActivityTaskManager: START u0 {act=android.intent.action.MAIN cat=[android.intent.category.LAUNCHER] flg=0x10200000 cmp=com.android.todolist/.MainActivity bnds=[843,1712][1011,1880] (has extras)} from uid 10100
./dev/stdin:66252:11-24 16:57:21.373  1876  8403 V ActivityTaskManager: Starting new activity ActivityRecord{6821905 u0 com.android.todolist/.MainActivity t9606} in new task Task{7e25d5a #9606 visible=true type=standard mode=fullscreen translucent=true A=10360:com.android.todolist U=0 StackId=9606 sz=1}
./dev/stdin:66263:11-24 16:57:21.409  1876  2191 V WindowManager: Orientation start waiting for draw, mDrawState=DRAW_PENDING in Window{62e7762 mode=0 rootTaskId=9606 u0 Splash Screen com.android.todolist}, surfaceController Surface(name=Splash Screen com.android.todolist)/@0x648829
./dev/stdin:66264:11-24 16:57:21.410  1876  2200 D Boost   : hostingType=pre-top-activity, hostingName={com.android.todolist/com.android.todolist.MainActivity}, callerPackage=com.miui.home, isSystem=true, isBoostNeeded=false.
./dev/stdin:66265:11-24 16:57:21.417  1876  2200 I ActivityManager: Start proc 27474:com.android.todolist/u0a360 for pre-top-activity {com.android.todolist/com.android.todolist.MainActivity} caller=com.miui.home
./dev/stdin:66302:11-24 16:57:21.958  1876  4894 V MiuiActivityTaskManagerServiceEx: dispatchActivityLifeState r = ActivityRecord{6821905 u0 com.android.todolist/.MainActivity t9606}
./dev/stdin:66303:11-24 16:57:21.960 27474 27474 W Looper  : PerfMonitor looperActivity : package=com.android.todolist/.MainActivity time=0ms latency=427ms running=0ms  procState=2 ClientTransaction{ callbacks=[android.app.servertransaction.TopResumedActivityChangeItem] } historyMsgCount=2 (msgIndex=1 wall=140ms seq=3 running=116ms runnable=5ms io=14ms binder=10ms h=android.app.ActivityThread$H w=110) (msgIndex=2 wall=290ms seq=4 running=254ms runnable=14ms io=10ms binder=24ms late=136ms h=android.app.ActivityThread$H w=159)
./dev/stdin:66306:11-24 16:57:21.994  1876  4894 V WindowManager: Orientation start waiting for draw, mDrawState=DRAW_PENDING in Window{4932e5e mode=0 rootTaskId=9606 u0 com.android.todolist/com.android.todolist.MainActivity}, surfaceController Surface(name=com.android.todolist/com.android.todolist.MainActivity)/@0x7813d09
./dev/stdin:66341:11-24 16:57:22.277  1876  2191 I Timeline: Timeline: Activity_windows_visible id: ActivityRecord{6821905 u0 com.android.todolist/.MainActivity t9606} time:494532466
./dev/stdin:66391:11-24 17:02:31.277  1876  2242 D WindowManager: send app before lock screen to SurfaceFlinger , name = com.android.todolist/com.android.todolist.MainActivity
./dev/stdin:66528:11-24 17:02:36.756  1876  8403 V MiuiActivityTaskManagerServiceEx: dispatchActivityLifeState r = ActivityRecord{6821905 u0 com.android.todolist/.MainActivity t9606}
./dev/stdin:66537:11-24 17:02:37.043  1876  2191 I Timeline: Timeline: Activity_windows_visible id: ActivityRecord{6821905 u0 com.android.todolist/.MainActivity t9606} time:494847232
./dev/stdin:67547:11-24 17:07:36.771  1876  2242 D WindowManager: send app before lock screen to SurfaceFlinger , name = com.android.todolist/com.android.todolist.MainActivity
./dev/stdin:68038:11-24 17:08:22.585  1876  8312 D com.android.server.pm.PackageManagerServiceInjector: Skip dexopt on: /data/user/0/com.google.android.youtube/cache/1633031840514.jar, because com.google.android.youtube is not current resumed. Current resumed is: com.android.todolist
./dev/stdin:68287:11-24 17:08:24.966  1876  8312 D com.android.server.pm.PackageManagerServiceInjector: Skip dexopt on: /data/user/0/com.google.android.gms/app_dg_cache/F326FAA69B0C61ABFAF6991572284D4EEBC6138D/the.apk, because com.google.android.gms is not current resumed. Current resumed is: com.android.todolist
./dev/stdin:68834:11-24 17:09:20.102  9027  9293 D PowerCheckerService: foreground, uid = 10360, app = com.android.todolist
./dev/stdin:69296:11-24 17:09:23.501  1876  4867 V MiuiActivityTaskManagerServiceEx: dispatchActivityLifeState r = ActivityRecord{6821905 u0 com.android.todolist/.MainActivity t9606}
./dev/stdin:69297:11-24 17:09:23.502  4558  4558 D RecentsImpl: mActivityStateObserver com.android.todolist.MainActivity
./dev/stdin:69298:11-24 17:09:23.502  4558  4558 W RecentsImpl: onResumed className=com.android.todolist.MainActivity   mIsInAnotherPro=false
./dev/stdin:69402:11-24 17:09:23.576  4558  4558 W RecentsImpl: getTopActivity from observer.   cn=ComponentInfo{com.android.todolist/com.android.todolist.MainActivity}
./dev/stdin:69403:11-24 17:09:23.576  4558  4558 W RecentsImpl: adaptToTopActivity   cn=ComponentInfo{com.android.todolist/com.android.todolist.MainActivity}
./dev/stdin:69404:11-24 17:09:23.576  4558  4558 W RecentsImpl: onResumed className=com.android.todolist.MainActivity   mIsInAnotherPro=false
./dev/stdin:69674:11-24 17:09:23.791  1876  2191 I Timeline: Timeline: Activity_windows_visible id: ActivityRecord{6821905 u0 com.android.todolist/.MainActivity t9606} time:495253980
./dev/stdin:70492:11-24 17:14:24.728  1876  2242 D WindowManager: send app before lock screen to SurfaceFlinger , name = com.android.todolist/com.android.todolist.MainActivity
./dev/stdin:70538:11-24 17:14:25.095  1876  2737 D MIUIInput: [FoucsChange]: Display  0 FocusedWindow From Window{4932e5e mode=0 rootTaskId=9606 u0 com.android.todolist/com.android.todolist.MainActivity}(1,1)  to null(0,0)
./dev/stdin:70728:11-24 17:14:25.352  9027  9293 D PowerCheckerService: foreground, uid = 10360, app = com.android.todolist
./dev/stdin:71076:11-24 17:14:41.109  9027  9293 D PowerCheckerService: foreground, uid = 10360, app = com.android.todolist
./dev/stdin:71909:11-24 17:14:45.428  1876  4867 V MiuiActivityTaskManagerServiceEx: dispatchActivityLifeState r = ActivityRecord{6821905 u0 com.android.todolist/.MainActivity t9606}
./dev/stdin:71910:11-24 17:14:45.429  4558  4558 D RecentsImpl: mActivityStateObserver com.android.todolist.MainActivity
./dev/stdin:71911:11-24 17:14:45.429  4558  4558 W RecentsImpl: onResumed className=com.android.todolist.MainActivity   mIsInAnotherPro=false
./dev/stdin:71981:11-24 17:14:45.483  1876  4029 D MIUIInput: [FoucsChange]: Display  0 FocusedWindow From Window{acdf730 mode=0 rootTaskId=1 u0 NotificationShade}(1,0)  to Window{4932e5e mode=0 rootTaskId=9606 u0 com.android.todolist/com.android.todolist.MainActivity}(1,1)
./dev/stdin:71982:11-24 17:14:45.510  4558  4558 W RecentsImpl: getTopActivity from observer.   cn=ComponentInfo{com.android.todolist/com.android.todolist.MainActivity}
./dev/stdin:71983:11-24 17:14:45.510  4558  4558 W RecentsImpl: adaptToTopActivity   cn=ComponentInfo{com.android.todolist/com.android.todolist.MainActivity}
./dev/stdin:71984:11-24 17:14:45.510  4558  4558 W RecentsImpl: onResumed className=com.android.todolist.MainActivity   mIsInAnotherPro=false
./dev/stdin:72310:11-24 17:14:45.729  1876  2191 I Timeline: Timeline: Activity_windows_visible id: ActivityRecord{6821905 u0 com.android.todolist/.MainActivity t9606} time:495575918
./dev/stdin:73025:11-24 17:15:49.941  1876  4840 V WindowManager: Orientation start waiting for draw, mDrawState=DRAW_PENDING in Window{7804487 mode=0 rootTaskId=9606 u0 com.android.todolist/com.android.todolist.MainActivity}, surfaceController Surface(name=com.android.todolist/com.android.todolist.MainActivity)/@0x1e33d7f
./dev/stdin:73039:11-24 17:15:56.057 27474 27474 E AndroidRuntime: Process: com.android.todolist, PID: 27474
./dev/stdin:73041:11-24 17:15:56.057 27474 27474 E AndroidRuntime: 	at com.android.todolist.MainActivity.ordenarAZ(MainActivity.kt:196)
./dev/stdin:73042:11-24 17:15:56.057 27474 27474 E AndroidRuntime: 	at com.android.todolist.MainActivity.onNavigationItemSelected(MainActivity.kt:86)
./dev/stdin:73063:11-24 17:15:56.074  1876  8403 W ActivityTaskManager:   Force finishing activity com.android.todolist/.MainActivity
./dev/stdin:73076:11-24 17:15:56.201  1876  4030 I ActivityManager: Process com.android.todolist (pid 27474) has died: prcp TOP 
./dev/stdin:73078:11-24 17:15:56.202  1876  4840 I WindowManager: WIN DEATH: Window{4932e5e mode=0 rootTaskId=9606 u0 com.android.todolist/com.android.todolist.MainActivity}
./dev/stdin:73089:11-24 17:15:56.226  9027  6955 D PerfEngineController: ForegroundInfo{mForegroundPackageName='com.miui.home', mForegroundUid=10100, mForegroundPid=4558, mLastForegroundPackageName='com.android.todolist', mLastForegroundUid=10360, mLastForegroundPid=27474, mMultiWindowForegroundPackageName='null', mMultiWindowForegroundUid=-1, mFlags=0}
./dev/stdin:73092:11-24 17:15:56.226  9046 17581 I GST     : forePkg: com.miui.home, preForePkg: com.android.todolist
./dev/stdin:73150:11-24 17:15:56.577  1876  2190 W ActivityTaskManager: Activity top resumed state loss timeout for ActivityRecord{6821905 u0 com.android.todolist/.MainActivity t-1 f}}
./dev/stdin:73159:11-24 17:15:57.557  4558  4558 D Launcher.CellLayout: touch item:ShortcutInfo, id=285, itemType=0, user=UserHandle{0}, mIconType=0, pkgName=com.android.todolist, className=com.android.todolist.MainActivity, screenId=4, container=-100, cellX=3, cellY=5, spanX=1, spanY=1, isLandscapePos=false
./dev/stdin:73178:11-24 17:15:57.667  1876  4030 I ActivityTaskManager: START u0 {act=android.intent.action.MAIN cat=[android.intent.category.LAUNCHER] flg=0x10200000 cmp=com.android.todolist/.MainActivity bnds=[843,1712][1011,1880] (has extras)} from uid 10100
./dev/stdin:73187:11-24 17:15:57.683  1876  4030 V ActivityTaskManager: Starting new activity ActivityRecord{97df95e u0 com.android.todolist/.MainActivity t9607} in new task Task{952013f #9607 visible=true type=standard mode=fullscreen translucent=true A=10360:com.android.todolist U=0 StackId=9607 sz=1}
./dev/stdin:73209:11-24 17:15:57.726  1876  2200 D Boost   : hostingType=pre-top-activity, hostingName={com.android.todolist/com.android.todolist.MainActivity}, callerPackage=com.miui.home, isSystem=true, isBoostNeeded=false.
./dev/stdin:73210:11-24 17:15:57.726  1876  2200 I ActivityManager: Start proc 29249:com.android.todolist/u0a360 for pre-top-activity {com.android.todolist/com.android.todolist.MainActivity} caller=com.miui.home
./dev/stdin:73211:11-24 17:15:57.729  1876  2191 V WindowManager: Orientation start waiting for draw, mDrawState=DRAW_PENDING in Window{b544144 mode=0 rootTaskId=9607 u0 Splash Screen com.android.todolist}, surfaceController Surface(name=Splash Screen com.android.todolist)/@0x7b83cf3
./dev/stdin:73220:11-24 17:15:57.783  9027  6955 D PerfEngineController: ForegroundInfo{mForegroundPackageName='com.android.todolist', mForegroundUid=10360, mForegroundPid=29249, mLastForegroundPackageName='com.miui.home', mLastForegroundUid=10100, mLastForegroundPid=4558, mMultiWindowForegroundPackageName='null', mMultiWindowForegroundUid=-1, mFlags=1}
./dev/stdin:73221:11-24 17:15:57.784 21773 21792 D AutoInstallService: onForegroundInfoChanged: com.android.todolist
./dev/stdin:73223:11-24 17:15:57.784  9046 17581 I GST     : forePkg: com.android.todolist, preForePkg: com.miui.home
./dev/stdin:73270:11-24 17:15:58.138  1876  2186 V MiuiActivityTaskManagerServiceEx: dispatchActivityLifeState r = ActivityRecord{97df95e u0 com.android.todolist/.MainActivity t9607}
./dev/stdin:73271:11-24 17:15:58.139  4558  4558 D RecentsImpl: mActivityStateObserver com.android.todolist.MainActivity
./dev/stdin:73272:11-24 17:15:58.139  4558  4558 W RecentsImpl: onResumed className=com.android.todolist.MainActivity   mIsInAnotherPro=false
./dev/stdin:73273:11-24 17:15:58.139 29249 29249 W Looper  : PerfMonitor looperActivity : package=com.android.todolist/.MainActivity time=1ms latency=349ms running=0ms  procState=2 ClientTransaction{ callbacks=[android.app.servertransaction.TopResumedActivityChangeItem] } historyMsgCount=4 (msgIndex=3 wall=119ms seq=3 running=110ms runnable=8ms binder=7ms late=7ms h=android.app.ActivityThread$H w=110) (msgIndex=4 wall=226ms seq=4 running=214ms runnable=6ms binder=15ms late=123ms h=android.app.ActivityThread$H w=159)
./dev/stdin:73274:11-24 17:15:58.158  1876  4030 V WindowManager: Orientation start waiting for draw, mDrawState=DRAW_PENDING in Window{507645e mode=0 rootTaskId=9607 u0 com.android.todolist/com.android.todolist.MainActivity}, surfaceController Surface(name=com.android.todolist/com.android.todolist.MainActivity)/@0x5c0cd0c
./dev/stdin:73291:11-24 17:15:58.351  1876  4840 I Timeline: Timeline: Activity_windows_visible id: ActivityRecord{97df95e u0 com.android.todolist/.MainActivity t9607} time:495648540
./dev/stdin:73296:11-24 17:15:58.363  9027  9311 I DisplayFrameSetting: homeToAppEnd pkg=com.android.todolist
./dev/stdin:77375:11-24 17:24:58.683  9046 17581 I GST     : forePkg: com.miui.home, preForePkg: com.android.todolist
./dev/stdin:84777:11-24 17:35:18.604  1876  2186 I ProcessManager: AutoLockOffCleanByPriority: kill com.android.todolist Adj=920 State=16
./dev/stdin:84778:11-24 17:35:18.604  1876  2186 I ActivityManager: Killing 29249:com.android.todolist/u0a360 (adj 920): AutoLockOffCleanByPriority
./dev/stdin:84896:11-24 17:35:18.967  1876  2185 I WindowManager: WIN DEATH: Window{507645e mode=0 rootTaskId=9607 u0 com.android.todolist/com.android.todolist.MainActivity}
./dev/stdin:92289:11-24 17:36:50.638  4558  4558 D Launcher.CellLayout: touch item:ShortcutInfo, id=285, itemType=0, user=UserHandle{0}, mIconType=0, pkgName=com.android.todolist, className=com.android.todolist.MainActivity, screenId=4, container=-100, cellX=3, cellY=5, spanX=1, spanY=1, isLandscapePos=false
./dev/stdin:92308:11-24 17:36:50.716  1876  2186 I ActivityTaskManager: START u0 {act=android.intent.action.MAIN cat=[android.intent.category.LAUNCHER] flg=0x10200000 cmp=com.android.todolist/.MainActivity bnds=[841,1710][1009,1878] (has extras)} from uid 10100
./dev/stdin:92334:11-24 17:36:50.774  1876  2200 D Boost   : hostingType=pre-top-activity, hostingName={com.android.todolist/com.android.todolist.MainActivity}, callerPackage=com.miui.home, isSystem=true, isBoostNeeded=false.
./dev/stdin:92335:11-24 17:36:50.774  1876  2200 I ActivityManager: Start proc 32323:com.android.todolist/u0a360 for pre-top-activity {com.android.todolist/com.android.todolist.MainActivity} caller=com.miui.home
./dev/stdin:92340:11-24 17:36:50.785  1876  2191 V WindowManager: Orientation start waiting for draw, mDrawState=DRAW_PENDING in Window{79ea9d3 mode=0 rootTaskId=9607 u0 Splash Screen com.android.todolist}, surfaceController Surface(name=Splash Screen com.android.todolist)/@0x320102f
./dev/stdin:92346:11-24 17:36:50.838 21773 21792 D AutoInstallService: onForegroundInfoChanged: com.android.todolist
./dev/stdin:92347:11-24 17:36:50.838  8989 16399 I ProcessMonitor: onForegroundInfoChanged: ForegroundInfo{mForegroundPackageName='com.android.todolist', mForegroundUid=10360, mForegroundPid=32323, mLastForegroundPackageName='com.miui.home', mLastForegroundUid=10100, mLastForegroundPid=4558, mMultiWindowForegroundPackageName='null', mMultiWindowForegroundUid=-1, mFlags=0}
./dev/stdin:92348:11-24 17:36:50.838  8989 16399 I GameBoosterService: onForegroundInfoChanged: Cur=com.android.todolist	 last=com.miui.home
./dev/stdin:92349:11-24 17:36:50.838  9046 17581 I GST     : forePkg: com.android.todolist, preForePkg: com.miui.home
./dev/stdin:92373:11-24 17:36:50.860  8989 16399 D GameBoosterService: onGameStatusChange foreground:ForegroundInfo{mForegroundPackageName='com.android.todolist', mForegroundUid=10360, mForegroundPid=32323, mLastForegroundPackageName='com.miui.home', mLastForegroundUid=10100, mLastForegroundPid=4558, mMultiWindowForegroundPackageName='null', mMultiWindowForegroundUid=-1, mFlags=0}
./dev/stdin:92429:11-24 17:36:51.210  1876  2185 V MiuiActivityTaskManagerServiceEx: dispatchActivityLifeState r = ActivityRecord{97df95e u0 com.android.todolist/.MainActivity t9607}
./dev/stdin:92430:11-24 17:36:51.210  4558  4558 D RecentsImpl: mActivityStateObserver com.android.todolist.MainActivity
./dev/stdin:92431:11-24 17:36:51.210  4558  4558 W RecentsImpl: onResumed className=com.android.todolist.MainActivity   mIsInAnotherPro=false
./dev/stdin:92432:11-24 17:36:51.211 32323 32323 W Looper  : PerfMonitor looperActivity : package=com.android.todolist/.MainActivity time=0ms latency=367ms running=0ms  procState=2 ClientTransaction{ callbacks=[android.app.servertransaction.TopResumedActivityChangeItem] } historyMsgCount=4 (msgIndex=3 wall=118ms seq=3 running=109ms runnable=5ms io=3ms binder=8ms late=7ms h=android.app.ActivityThread$H w=110) (msgIndex=4 wall=244ms seq=4 running=230ms runnable=6ms binder=17ms late=123ms h=android.app.ActivityThread$H w=159)
./dev/stdin:92434:11-24 17:36:51.230  1876  2185 V WindowManager: Orientation start waiting for draw, mDrawState=DRAW_PENDING in Window{46f00ca mode=0 rootTaskId=9607 u0 com.android.todolist/com.android.todolist.MainActivity}, surfaceController Surface(name=com.android.todolist/com.android.todolist.MainActivity)/@0xfb0ed58
./dev/stdin:92461:11-24 17:36:51.407  1876  6998 I Timeline: Timeline: Activity_windows_visible id: ActivityRecord{97df95e u0 com.android.todolist/.MainActivity t9607} time:496901595
./dev/stdin:92875:11-24 17:38:59.571  1876  2185 V WindowManager: Orientation start waiting for draw, mDrawState=DRAW_PENDING in Window{cccf651 mode=0 rootTaskId=9607 u0 com.android.todolist/com.android.todolist.MainActivity}, surfaceController Surface(name=com.android.todolist/com.android.todolist.MainActivity)/@0x1071e89
./dev/stdin:95731:11-24 17:50:12.477  1876  2811 D MIUIInput: [MotionEvent] publisher action=0x0, 497702664, channel '46f00ca com.android.todolist/com.android.todolist.MainActivity (server)'
./dev/stdin:95732:11-24 17:50:12.953  1876  2811 D MIUIInput: [MotionEvent] publisher action=0x1, 497703141, channel '46f00ca com.android.todolist/com.android.todolist.MainActivity (server)'
./dev/stdin:95735:11-24 17:50:13.693  1876  2811 D MIUIInput: [MotionEvent] publisher action=0x0, 497703880, channel '46f00ca com.android.todolist/com.android.todolist.MainActivity (server)'
./dev/stdin:95736:11-24 17:50:13.815  1876  2811 D MIUIInput: [MotionEvent] publisher action=0x1, 497704003, channel '46f00ca com.android.todolist/com.android.todolist.MainActivity (server)'
./dev/stdin:95738:11-24 17:50:13.893  1876  5688 D MIUIInput: [FoucsChange]: Display  0 FocusedWindow From Window{46f00ca mode=0 rootTaskId=9607 u0 com.android.todolist/com.android.todolist.MainActivity}(1,0)  to null(0,0)
./dev/stdin:95739:11-24 17:50:13.903  1876  5688 V WindowManager: Orientation start waiting for draw, mDrawState=DRAW_PENDING in Window{eba3a38 mode=0 rootTaskId=9607 u0 com.android.todolist/com.android.todolist.MainActivity}, surfaceController Surface(name=com.android.todolist/com.android.todolist.MainActivity)/@0x62e1850
./dev/stdin:95741:11-24 17:50:13.959  1876  4903 D MIUIInput: [FoucsChange]: Display  0 FocusedWindow From null(0,0)  to Window{eba3a38 mode=0 rootTaskId=9607 u0 com.android.todolist/com.android.todolist.MainActivity}(1,1)
./dev/stdin:95748:11-24 17:50:15.143  1876  2811 D MIUIInput: [MotionEvent] publisher action=0x0, 497705330, channel 'eba3a38 com.android.todolist/com.android.todolist.MainActivity (server)'
./dev/stdin:95749:11-24 17:50:15.228  1876  2811 D MIUIInput: [MotionEvent] publisher action=0x1, 497705415, channel 'eba3a38 com.android.todolist/com.android.todolist.MainActivity (server)'
./dev/stdin:95782:11-24 17:50:15.327 10106 10106 I AndroidIME: AbstractIme.onActivate():86 LatinIme.onActivate() : EditorInfo = inputType=Text imeActionName=DONE dump=[inputType=0x61 imeOptions=0x6 privateImeOptions=null actionLabel=null actionId=0 initialSelStart=0 initialSelEnd=0 initialCapsMode=0x0 hintText=Name list label=null packageName=com.android.todolist autofillId=1073741826 fieldId=2131230821 fieldName=null extras=null hintLocales=null contentMimeTypes=null ], IncognitoMode = false, DeviceLocked = false
./dev/stdin:95798:11-24 17:50:15.337  1876  2811 D MIUIInput: [MotionEvent] publisher action=0x0, 497705524, channel 'eba3a38 com.android.todolist/com.android.todolist.MainActivity (server)'
./dev/stdin:95865:11-24 17:50:15.402  1876  2811 D MIUIInput: [MotionEvent] publisher action=0x1, 497705591, channel 'eba3a38 com.android.todolist/com.android.todolist.MainActivity (server)'
./dev/stdin:95932:11-24 17:50:15.539  8864 11276 W kqh     : Infinite Data has no result for com.android.todolist [CONTEXT service_id=177 ]
./dev/stdin:95974:11-24 17:50:15.611  8864 11276 W kqh     : Infinite Data has no result for com.android.todolist [CONTEXT service_id=177 ]
./dev/stdin:96001:11-24 17:50:15.866  8864   313 W kqh     : Infinite Data has no result for com.android.todolist [CONTEXT service_id=177 ]
./dev/stdin:96009:11-24 17:50:15.969  8864 11276 W kqh     : Infinite Data has no result for com.android.todolist [CONTEXT service_id=177 ]
./dev/stdin:96064:11-24 17:50:17.135  1876  2811 D MIUIInput: [MotionEvent] publisher action=0x0, 497707323, channel 'eba3a38 com.android.todolist/com.android.todolist.MainActivity (server)'
./dev/stdin:96065:11-24 17:50:17.192  1876  2811 D MIUIInput: [MotionEvent] publisher action=0x1, 497707379, channel 'eba3a38 com.android.todolist/com.android.todolist.MainActivity (server)'
./dev/stdin:96068:11-24 17:50:17.274  1876  6230 D MIUIInput: [FoucsChange]: Display  0 FocusedWindow From Window{eba3a38 mode=0 rootTaskId=9607 u0 com.android.todolist/com.android.todolist.MainActivity}(1,1)  to null(0,0)
./dev/stdin:96069:11-24 17:50:17.307  1876  6230 D MIUIInput: [FoucsChange]: Display  0 FocusedWindow From null(0,0)  to Window{46f00ca mode=0 rootTaskId=9607 u0 com.android.todolist/com.android.todolist.MainActivity}(1,1)
./dev/stdin:96290:11-24 17:50:18.076  1876  2811 D MIUIInput: [MotionEvent] publisher action=0x0, 497708263, channel '46f00ca com.android.todolist/com.android.todolist.MainActivity (server)'
./dev/stdin:96291:11-24 17:50:18.190  1876  2811 D MIUIInput: [MotionEvent] publisher action=0x1, 497708379, channel '46f00ca com.android.todolist/com.android.todolist.MainActivity (server)'
./dev/stdin:96293:11-24 17:50:18.287  1876  5688 V WindowManager: Orientation start waiting for draw, mDrawState=DRAW_PENDING in Window{cc6776e mode=0 rootTaskId=9607 u0 com.android.todolist/com.android.todolist.MainActivity}, surfaceController Surface(name=com.android.todolist/com.android.todolist.MainActivity)/@0xb20646
./dev/stdin:96294:11-24 17:50:18.291  1876  6230 D MIUIInput: [FoucsChange]: Display  0 FocusedWindow From Window{46f00ca mode=0 rootTaskId=9607 u0 com.android.todolist/com.android.todolist.MainActivity}(1,0)  to null(0,0)
./dev/stdin:96295:11-24 17:50:18.339  1876  5688 D MIUIInput: [FoucsChange]: Display  0 FocusedWindow From null(0,0)  to Window{cc6776e mode=0 rootTaskId=9607 u0 com.android.todolist/com.android.todolist.MainActivity}(1,1)
./dev/stdin:96301:11-24 17:50:19.014  1876  2811 D MIUIInput: [MotionEvent] publisher action=0x0, 497709201, channel 'cc6776e com.android.todolist/com.android.todolist.MainActivity (server)'
./dev/stdin:96302:11-24 17:50:19.083  1876  2811 D MIUIInput: [MotionEvent] publisher action=0x1, 497709271, channel 'cc6776e com.android.todolist/com.android.todolist.MainActivity (server)'
./dev/stdin:96314:11-24 17:50:19.130 10106 10106 I AndroidIME: AbstractIme.onActivate():86 LatinIme.onActivate() : EditorInfo = inputType=Text imeActionName=DONE dump=[inputType=0x61 imeOptions=0x6 privateImeOptions=null actionLabel=null actionId=0 initialSelStart=0 initialSelEnd=0 initialCapsMode=0x0 hintText=Name list label=null packageName=com.android.todolist autofillId=1073741850 fieldId=2131230821 fieldName=null extras=null hintLocales=null contentMimeTypes=null ], IncognitoMode = false, DeviceLocked = false
./dev/stdin:96355:11-24 17:50:19.161  8864   300 W kqh     : Infinite Data has no result for com.android.todolist [CONTEXT service_id=177 ]
./dev/stdin:96356:11-24 17:50:19.168  8864   313 W kqh     : Infinite Data has no result for com.android.todolist [CONTEXT service_id=177 ]
./dev/stdin:96358:11-24 17:50:19.172  1876  2811 D MIUIInput: [MotionEvent] publisher action=0x0, 497709359, channel 'cc6776e com.android.todolist/com.android.todolist.MainActivity (server)'
./dev/stdin:96390:11-24 17:50:19.212  1876  2811 D MIUIInput: [MotionEvent] publisher action=0x1, 497709401, channel 'cc6776e com.android.todolist/com.android.todolist.MainActivity (server)'
./dev/stdin:96417:11-24 17:50:21.076  1876  2811 D MIUIInput: [MotionEvent] publisher action=0x0, 497711263, channel 'cc6776e com.android.todolist/com.android.todolist.MainActivity (server)'
./dev/stdin:96419:11-24 17:50:21.136  1876  2811 D MIUIInput: [MotionEvent] publisher action=0x1, 497711324, channel 'cc6776e com.android.todolist/com.android.todolist.MainActivity (server)'
./dev/stdin:96421:11-24 17:50:21.178  1876  5084 D MIUIInput: [FoucsChange]: Display  0 FocusedWindow From Window{cc6776e mode=0 rootTaskId=9607 u0 com.android.todolist/com.android.todolist.MainActivity}(1,1)  to null(0,0)
./dev/stdin:96422:11-24 17:50:21.210  1876  5084 D MIUIInput: [FoucsChange]: Display  0 FocusedWindow From null(0,0)  to Window{46f00ca mode=0 rootTaskId=9607 u0 com.android.todolist/com.android.todolist.MainActivity}(1,1)
./dev/stdin:96529:11-24 17:50:37.192  1876  2811 D MIUIInput: [MotionEvent] publisher action=0x0, 497727379, channel '46f00ca com.android.todolist/com.android.todolist.MainActivity (server)'
./dev/stdin:96530:11-24 17:50:37.236  1876  2811 D MIUIInput: [MotionEvent] publisher action=0x1, 497727424, channel '46f00ca com.android.todolist/com.android.todolist.MainActivity (server)'
./dev/stdin:96532:11-24 17:50:37.389  1876  4840 D MIUIInput: [FoucsChange]: Display  0 FocusedWindow From Window{46f00ca mode=0 rootTaskId=9607 u0 com.android.todolist/com.android.todolist.MainActivity}(1,0)  to null(0,0)
./dev/stdin:96533:11-24 17:50:37.394  1876  6777 V WindowManager: Orientation start waiting for draw, mDrawState=DRAW_PENDING in Window{874b071 mode=0 rootTaskId=9607 u0 com.android.todolist/com.android.todolist.MainActivity}, surfaceController Surface(name=com.android.todolist/com.android.todolist.MainActivity)/@0xa67fca9
./dev/stdin:96535:11-24 17:50:37.454  1876  6777 D MIUIInput: [FoucsChange]: Display  0 FocusedWindow From null(0,0)  to Window{874b071 mode=0 rootTaskId=9607 u0 com.android.todolist/com.android.todolist.MainActivity}(1,1)
./dev/stdin:96540:11-24 17:50:38.368  1876  2811 D MIUIInput: [MotionEvent] publisher action=0x0, 497728555, channel '874b071 com.android.todolist/com.android.todolist.MainActivity (server)'
./dev/stdin:96541:11-24 17:50:38.427  1876  2811 D MIUIInput: [MotionEvent] publisher action=0x1, 497728615, channel '874b071 com.android.todolist/com.android.todolist.MainActivity (server)'
./dev/stdin:96552:11-24 17:50:38.470 10106 10106 I AndroidIME: AbstractIme.onActivate():86 LatinIme.onActivate() : EditorInfo = inputType=Text imeActionName=DONE dump=[inputType=0x61 imeOptions=0x6 privateImeOptions=null actionLabel=null actionId=0 initialSelStart=0 initialSelEnd=0 initialCapsMode=0x0 hintText=Name list label=null packageName=com.android.todolist autofillId=1073741867 fieldId=2131230821 fieldName=null extras=null hintLocales=null contentMimeTypes=null ], IncognitoMode = false, DeviceLocked = false
./dev/stdin:96599:11-24 17:50:38.507  8864   313 W kqh     : Infinite Data has no result for com.android.todolist [CONTEXT service_id=177 ]
./dev/stdin:96600:11-24 17:50:38.515  8864 11276 W kqh     : Infinite Data has no result for com.android.todolist [CONTEXT service_id=177 ]
./dev/stdin:96698:11-24 17:50:40.256  1876  2811 D MIUIInput: [MotionEvent] publisher action=0x0, 497730443, channel '874b071 com.android.todolist/com.android.todolist.MainActivity (server)'
./dev/stdin:96699:11-24 17:50:40.321  1876  2811 D MIUIInput: [MotionEvent] publisher action=0x1, 497730509, channel '874b071 com.android.todolist/com.android.todolist.MainActivity (server)'
./dev/stdin:96701:11-24 17:50:40.391  1876  5084 D MIUIInput: [FoucsChange]: Display  0 FocusedWindow From Window{874b071 mode=0 rootTaskId=9607 u0 com.android.todolist/com.android.todolist.MainActivity}(1,1)  to null(0,0)
./dev/stdin:96702:11-24 17:50:40.424  1876  5084 D MIUIInput: [FoucsChange]: Display  0 FocusedWindow From null(0,0)  to Window{46f00ca mode=0 rootTaskId=9607 u0 com.android.todolist/com.android.todolist.MainActivity}(1,1)
